preprocessed/VITS_pretrain/common_voice_1020/wav/common_voice_1020_001.wav|common_voice_1020|JP|永瀬廉は髙橋海人の歯が好きです
Cannot read: 髙橋 in:
永瀬廉は髙橋海人の歯が好きです

preprocessed/VITS_pretrain/common_voice_1072/wav/common_voice_1072_010.wav|common_voice_1072|JP|パジイへ散歩.私は林を抜ける,感じのいゝ道を選んだ.
Cannot read: ゝ in:
パジイへ散歩.私は林を抜ける,感じのいゝ道を選んだ.

preprocessed/VITS_pretrain/common_voice_1169/wav/common_voice_1169_017.wav|common_voice_1169|JP|水の呼吸 肆ノ型 打ち潮(しのかた うちしお)
Cannot read: 吸肆 in:
水の呼吸肆ノ型打ち潮'しのかたうちしお'

preprocessed/VITS_pretrain/common_voice_14/wav/common_voice_14_006.wav|common_voice_14|JP|白發中
Cannot read: 發中 in:
白發中

preprocessed/VITS_pretrain/common_voice_1725/wav/common_voice_1725_008.wav|common_voice_1725|JP|母親の瑠智子は女優志望で,俳優養成所に所属していたことがあり,光は幼少時より母に連れられて舞台を観にいっていた
Cannot read: 瑠智 in:
母親の瑠智子は女優志望で,俳優養成所に所属していたことがあり,光は幼少時より母に連れられて舞台を観にいっていた

preprocessed/VITS_pretrain/common_voice_2044/wav/common_voice_2044_003.wav|common_voice_2044|JP|すると先生は昨日と違って,一種の弧線(こせん)を描(えが)いて,妙な方向から岸の方へ帰り始めた.それで私の目的はついに達せられなかった.
Cannot read: 描 in:
すると先生は昨日と違って,一種の弧線'こせん'を描'えが'いて,妙な方向から岸の方へ帰り始めた.それで私の目的はついに達せられなかった.

preprocessed/VITS_pretrain/common_voice_2209/wav/common_voice_2209_005.wav|common_voice_2209|JP|少年時代はロシア帝国チェルニーヒウ県プルィルークィ郡トロスチャヌィーツャ村で過ごした
Unexpected phone: w

preprocessed/VITS_pretrain/common_voice_2261/wav/common_voice_2261_004.wav|common_voice_2261|JP|フュージョン電子音楽などを融合させた音楽のジャンルである.
Unexpected phone: y

preprocessed/VITS_pretrain/common_voice_2262/wav/common_voice_2262_007.wav|common_voice_2262|JP|白哉から養子に望まれたにも関わらず,冷遇される事に戸惑いと寂しさを覚えていた.
Cannot read: 哉 in:
白哉から養子に望まれたにも関わらず,冷遇される事に戸惑いと寂しさを覚えていた.

preprocessed/VITS_pretrain/common_voice_2394/wav/common_voice_2394_009.wav|common_voice_2394|JP|永瀬廉は髙橋海人の歯が好きです
Cannot read: 髙橋 in:
永瀬廉は髙橋海人の歯が好きです

preprocessed/VITS_pretrain/common_voice_2420/wav/common_voice_2420_009.wav|common_voice_2420|JP|フュージョン電子音楽などを融合させた音楽のジャンルである.
Unexpected phone: y

preprocessed/VITS_pretrain/common_voice_2430/wav/common_voice_2430_011.wav|common_voice_2430|JP|束皙は古墳などから出土した竹簡を解読して博学を称された.
Cannot read: 皙 in:
束皙は古墳などから出土した竹簡を解読して博学を称された.

preprocessed/VITS_pretrain/common_voice_2805/wav/common_voice_2805_010.wav|common_voice_2805|JP|君の創ったロボットが暴走し,これだけの犧牲が出ていると言うのに,君は何も感じないと言うのかね?
Cannot read: 犧牲 in:
君の創ったロボットが暴走し,これだけの犧牲が出ていると言うのに,君は何も感じないと言うのかね

preprocessed/VITS_pretrain/common_voice_2816/wav/common_voice_2816_011.wav|common_voice_2816|JP|水の呼吸 玖ノ型 水流飛沫・乱(くのかた すいりゅうしぶき らん)
Cannot read: 玖 in:
水の呼吸玖ノ型水流飛沫,乱'くのかたすいりゅうしぶきらん'

preprocessed/VITS_pretrain/common_voice_2928/wav/common_voice_2928_012.wav|common_voice_2928|JP|パジイへ散歩.私は林を抜ける,感じのいゝ道を選んだ.
Cannot read: ゝ in:
パジイへ散歩.私は林を抜ける,感じのいゝ道を選んだ.

preprocessed/VITS_pretrain/common_voice_2930/wav/common_voice_2930_002.wav|common_voice_2930|JP|その洞穴の中には,二十箇のランプが,いつもともっています.そこには,望遠鏡や,天体観測器や,そのほか,天文学の器械が備えてあります.
Cannot read: 箇 in:
その洞穴の中には,二十箇のランプが,いつもともっています.そこには,望遠鏡や,天体観測器や,そのほか,天文学の器械が備えてあります.

preprocessed/VITS_pretrain/common_voice_3189/wav/common_voice_3189_010.wav|common_voice_3189|JP|フュージョン電子音楽などを融合させた音楽のジャンルである.
Unexpected phone: y

preprocessed/VITS_pretrain/common_voice_3198/wav/common_voice_3198_009.wav|common_voice_3198|JP|春になっても寒さが残り,春風が肌にうすら寒く感じられるさま.「料峭」の「料」はなでる,触れる,「峭」はきびしいという意味.
Cannot read: 峭 in:
春になっても寒さが残り,春風が肌にうすら寒く感じられるさま.'料峭'の'料'はなでる,触れる,'峭'はきびしいという意味.

preprocessed/VITS_pretrain/common_voice_3657/wav/common_voice_3657_002.wav|common_voice_3657|JP|フュージョン電子音楽などを融合させた音楽のジャンルである.
Unexpected phone: y

preprocessed/VITS_pretrain/common_voice_3665/wav/common_voice_3665_006.wav|common_voice_3665|JP|すると先生は昨日と違って,一種の弧線(こせん)を描(えが)いて,妙な方向から岸の方へ帰り始めた.それで私の目的はついに達せられなかった.
Cannot read: 描 in:
すると先生は昨日と違って,一種の弧線'こせん'を描'えが'いて,妙な方向から岸の方へ帰り始めた.それで私の目的はついに達せられなかった.

preprocessed/VITS_pretrain/common_voice_3751/wav/common_voice_3751_005.wav|common_voice_3751|JP|私は王に何回もお目にかゝって,毎回数時間,この話をお聞かせしたのですが,王はいつも非常に熱心に聞いてくださいました.
Cannot read: ゝ in:
私は王に何回もお目にかゝって,毎回数時間,この話をお聞かせしたのですが,王はいつも非常に熱心に聞いてくださいました.

preprocessed/VITS_pretrain/common_voice_3784/wav/common_voice_3784_014.wav|common_voice_3784|JP|私は王に何回もお目にかゝって,毎回数時間,この話をお聞かせしたのですが,王はいつも非常に熱心に聞いてくださいました.
Cannot read: ゝ in:
私は王に何回もお目にかゝって,毎回数時間,この話をお聞かせしたのですが,王はいつも非常に熱心に聞いてくださいました.

preprocessed/VITS_pretrain/common_voice_3808/wav/common_voice_3808_007.wav|common_voice_3808|JP|永瀬廉は髙橋海人の歯が好きです
Cannot read: 髙橋 in:
永瀬廉は髙橋海人の歯が好きです

preprocessed/VITS_pretrain/common_voice_3808/wav/common_voice_3808_016.wav|common_voice_3808|JP|螻や蟻のような小さな生物の誠意.転じて,自分の誠意の謙譲語.
Cannot read: 螻 in:
螻や蟻のような小さな生物の誠意.転じて,自分の誠意の謙譲語.

preprocessed/VITS_pretrain/common_voice_3821/wav/common_voice_3821_014.wav|common_voice_3821|JP|パジイへ散歩.私は林を抜ける,感じのいゝ道を選んだ.
Cannot read: ゝ in:
パジイへ散歩.私は林を抜ける,感じのいゝ道を選んだ.

preprocessed/VITS_pretrain/common_voice_3955/wav/common_voice_3955_005.wav|common_voice_3955|JP|大喜びするたとえ.喜びきわまって手を打って舞う意.「抃舞」は手を打って喜び舞うこと.
Cannot read: 抃舞 in:
大喜びするたとえ.喜びきわまって手を打って舞う意.'抃舞'は手を打って喜び舞うこと.

preprocessed/VITS_pretrain/common_voice_3992/wav/common_voice_3992_016.wav|common_voice_3992|JP|パジイへ散歩.私は林を抜ける,感じのいゝ道を選んだ.
Cannot read: ゝ in:
パジイへ散歩.私は林を抜ける,感じのいゝ道を選んだ.

preprocessed/VITS_pretrain/common_voice_415/wav/common_voice_415_006.wav|common_voice_415|JP|それを見て,下の群衆はみんな笑いだしました.実際,これは誰が見ても馬鹿々々しい光景だったでしょう.
Cannot read: 々々 in:
それを見て,下の群衆はみんな笑いだしました.実際,これは誰が見ても馬鹿々々しい光景だったでしょう.

preprocessed/VITS_pretrain/common_voice_4239/wav/common_voice_4239_003.wav|common_voice_4239|JP|白哉から養子に望まれたにも関わらず,冷遇される事に戸惑いと寂しさを覚えていた.
Cannot read: 哉 in:
白哉から養子に望まれたにも関わらず,冷遇される事に戸惑いと寂しさを覚えていた.

preprocessed/VITS_pretrain/common_voice_4537/wav/common_voice_4537_007.wav|common_voice_4537|JP|パジイへ散歩.私は林を抜ける,感じのいゝ道を選んだ.
Cannot read: ゝ in:
パジイへ散歩.私は林を抜ける,感じのいゝ道を選んだ.

preprocessed/VITS_pretrain/common_voice_4601/wav/common_voice_4601_001.wav|common_voice_4601|JP|天子や貴人の乗る船.また,立派な船.竜の彫り物や鷁の頭を船首・船側につけた船.風流を楽しむ船.
Cannot read: 鷁 in:
天子や貴人の乗る船.また,立派な船.竜の彫り物や鷁の頭を船首,船側につけた船.風流を楽しむ船.

preprocessed/VITS_pretrain/common_voice_4601/wav/common_voice_4601_002.wav|common_voice_4601|JP|古代中国,唐の武将『烏承玭』と『烏承恩』を指す言葉.二人は戦場で活躍して功績を上げて,このように評された.
Cannot read: 玭 in:
古代中国,唐の武将烏承玭と烏承恩を指す言葉.二人は戦場で活躍して功績を上げて,このように評された.

preprocessed/VITS_pretrain/common_voice_4601/wav/common_voice_4601_019.wav|common_voice_4601|JP|永瀬廉は髙橋海人の歯が好きです
Cannot read: 髙橋 in:
永瀬廉は髙橋海人の歯が好きです

preprocessed/VITS_pretrain/common_voice_4695/wav/common_voice_4695_008.wav|common_voice_4695|JP|「談天」は,天を論ずること.「雕竜」は,竜を彫るようにみごとに文章を飾ること.「天を談じて竜を雕る」と読み下す.
Cannot read: 雕竜 in:
'談天'は,天を論ずること.'雕竜'は,竜を彫るようにみごとに文章を飾ること.'天を談じて竜を雕る'と読み下す.

preprocessed/VITS_pretrain/common_voice_553/wav/common_voice_553_012.wav|common_voice_553|JP|鉢の開いた頭を,こつちの胸へ宛てゝぐい/\押した拍子に,勘太郎の頭がすべつて,おれの袷の袖の中に這入つた.
Cannot read: ゝ in:
鉢の開いた頭を,こつちの胸へ宛てゝぐい押した拍子に,勘太郎の頭がすべつて,おれの袷の袖の中に這入つた.

preprocessed/VITS_pretrain/common_voice_577/wav/common_voice_577_001.wav|common_voice_577|JP|そのために,村々はほとんど空っぽになり,畑の仕事も家の仕事も,すっかりお留守になりそうでした.で,皇帝から命令が出ました.
Cannot read: 々 in:
そのために,村々はほとんど空っぽになり,畑の仕事も家の仕事も,すっかりお留守になりそうでした.で,皇帝から命令が出ました.

preprocessed/VITS_pretrain/common_voice_619/wav/common_voice_619_016.wav|common_voice_619|JP|高坂穂乃果
Cannot read: 乃果 in:
高坂穂乃果

preprocessed/VITS_pretrain/common_voice_748/wav/common_voice_748_009.wav|common_voice_748|JP|まだ年も若いし,肉附きもいゝし,別に食物が欲しいわけでもないのです.一たいどこが悪いのか,さっぱりわかりません.
Cannot read: ゝ in:
まだ年も若いし,肉附きもいゝし,別に食物が欲しいわけでもないのです.一たいどこが悪いのか,さっぱりわかりません.

preprocessed/VITS_pretrain/common_voice_803/wav/common_voice_803_010.wav|common_voice_803|JP|仕事を完遂する間際の最後の努力.最後のひとふんばり.また,仕事を完成するために重ねるひとつひとつの努力にもいう.「簣」は土を乗せて運ぶ道具の意.もっこ.もっこ一ぱいの土.
Cannot read: 簣 in:
仕事を完遂する間際の最後の努力.最後のひとふんばり.また,仕事を完成するために重ねるひとつひとつの努力にもいう.'簣'は土を乗せて運ぶ道具の意.もっこ.もっこ一ぱいの土.

preprocessed/VITS_pretrain/jsut_ver1.1-wav/wav/BASIC5000_2036.wav|jsut_ver1.1-wav|JP|花乃,嘘泣きはたまーにやるから,効果あるんだぞ.
Cannot read: 乃 in:
花乃,嘘泣きはたまーにやるから,効果あるんだぞ.

preprocessed/VITS_pretrain/jsut_ver1.1-wav/wav/BASIC5000_3026.wav|jsut_ver1.1-wav|JP|隔壁音波発生装置を,一定の周期で出しており,この隔壁音波を出している間は,鬼達の音撃を,無力化する.
Cannot read: 撃 in:
隔壁音波発生装置を,一定の周期で出しており,この隔壁音波を出している間は,鬼達の音撃を,無力化する.

preprocessed/VITS_pretrain/jsut_ver1.1-wav/wav/BASIC5000_3078.wav|jsut_ver1.1-wav|JP|ダム堤体中央部に,洪水吐を設置し,天端より,湖水の放流を行うものである.
Cannot read: 吐 in:
ダム堤体中央部に,洪水吐を設置し,天端より,湖水の放流を行うものである.

preprocessed/VITS_pretrain/jsut_ver1.1-wav/wav/BASIC5000_3127.wav|jsut_ver1.1-wav|JP|逓伝哨には,乗馬伝令による逓騎哨,自転車による逓自転車哨などの種類がある.
Cannot read: 哨 in:
逓伝哨には,乗馬伝令による逓騎哨,自転車による逓自転車哨などの種類がある.

preprocessed/VITS_pretrain/jsut_ver1.1-wav/wav/BASIC5000_3165.wav|jsut_ver1.1-wav|JP|明治時代に入ってからは,志々雄一派との戦いのために再会するが,不殺の信念と,人斬りの過去の間に揺れ動く,不安定な剣心の姿に苛立ち,その中途半端さを糾弾.
Cannot read: 々 in:
明治時代に入ってからは,志々雄一派との戦いのために再会するが,不殺の信念と,人斬りの過去の間に揺れ動く,不安定な剣心の姿に苛立ち,その中途半端さを糾弾.

preprocessed/VITS_pretrain/jsut_ver1.1-wav/wav/BASIC5000_3182.wav|jsut_ver1.1-wav|JP|剣を真っ赤に発熱させ,敵を熔かして叩き斬る必殺技,陽光丸回転斬と陽光丸一閃斬を放つ.
Cannot read: 閃斬 in:
剣を真っ赤に発熱させ,敵を熔かして叩き斬る必殺技,陽光丸回転斬と陽光丸一閃斬を放つ.

preprocessed/VITS_pretrain/jsut_ver1.1-wav/wav/BASIC5000_3460.wav|jsut_ver1.1-wav|JP|銘酒仙醸の醸造元として,社長職にあった.
Cannot read: 醸 in:
銘酒仙醸の醸造元として,社長職にあった.

preprocessed/VITS_pretrain/jsut_ver1.1-wav/wav/BASIC5000_3498.wav|jsut_ver1.1-wav|JP|菱マンガン鉱やバスタム石,バラ輝石,イネス石など他のマンガン鉱物を伴っていたり,閃亜鉛鉱,方鉛鉱,黄鉄鉱などの金属鉱物を伴っていることが多い.
Cannot read: 閃 in:
菱マンガン鉱やバスタム石,バラ輝石,イネス石など他のマンガン鉱物を伴っていたり,閃亜鉛鉱,方鉛鉱,黄鉄鉱などの金属鉱物を伴っていることが多い.

preprocessed/VITS_pretrain/jsut_ver1.1-wav/wav/BASIC5000_3531.wav|jsut_ver1.1-wav|JP|また,馬勃の名前で漢方薬としても利用されている.
Cannot read: 勃 in:
また,馬勃の名前で漢方薬としても利用されている.

preprocessed/VITS_pretrain/jsut_ver1.1-wav/wav/BASIC5000_3541.wav|jsut_ver1.1-wav|JP|この縁で費伯仁が,当時の混乱の時代において,比較的安定していた益州に呼ばれたため,費禕も,義父の計らいで益州へ遊学した.
Cannot read: 禕 in:
この縁で費伯仁が,当時の混乱の時代において,比較的安定していた益州に呼ばれたため,費禕も,義父の計らいで益州へ遊学した.

preprocessed/VITS_pretrain/jsut_ver1.1-wav/wav/BASIC5000_3593.wav|jsut_ver1.1-wav|JP|趙軍襲来時には,飛信隊で第三伍長となるが,野営中に突如として来襲した龐煖によって,殺害された.
Cannot read: 煖 in:
趙軍襲来時には,飛信隊で第三伍長となるが,野営中に突如として来襲した龐煖によって,殺害された.

preprocessed/VITS_pretrain/jsut_ver1.1-wav/wav/BASIC5000_3632.wav|jsut_ver1.1-wav|JP|応仁の乱後,堺商人が抽分銭の債務業務を行い,出航前に予め輸入品の利益額を想定して抽分銭を先に経営者側に納付する制度を取った.
Cannot read: 抽分 in:
応仁の乱後,堺商人が抽分銭の債務業務を行い,出航前に予め輸入品の利益額を想定して抽分銭を先に経営者側に納付する制度を取った.

preprocessed/VITS_pretrain/jsut_ver1.1-wav/wav/BASIC5000_3762.wav|jsut_ver1.1-wav|JP|一部を除き,宵々々山の前日の午前に,山建が行われる.
Cannot read: 々々 in:
一部を除き,宵々々山の前日の午前に,山建が行われる.

preprocessed/VITS_pretrain/jsut_ver1.1-wav/wav/BASIC5000_3816.wav|jsut_ver1.1-wav|JP|脱窒菌による窒素除去は,異化代謝によるものだが,同化代謝により生体へ資化させて,窒素除去を行おうとする方法もある.
Cannot read: 窒菌 in:
脱窒菌による窒素除去は,異化代謝によるものだが,同化代謝により生体へ資化させて,窒素除去を行おうとする方法もある.

preprocessed/VITS_pretrain/jsut_ver1.1-wav/wav/BASIC5000_3908.wav|jsut_ver1.1-wav|JP|その力による恐怖と妖しい魅力で,聚慎を滅亡させた張本人でありながら,聚慎の遺臣を部下に抱えている.
Cannot read: 聚慎 in:
その力による恐怖と妖しい魅力で,聚慎を滅亡させた張本人でありながら,聚慎の遺臣を部下に抱えている.

preprocessed/VITS_pretrain/jsut_ver1.1-wav/wav/BASIC5000_3931.wav|jsut_ver1.1-wav|JP|雄小穂の形や,果胞の特徴などを見れば区別できる.
Cannot read: 胞 in:
雄小穂の形や,果胞の特徴などを見れば区別できる.

preprocessed/VITS_pretrain/jsut_ver1.1-wav/wav/BASIC5000_3967.wav|jsut_ver1.1-wav|JP|そして,漢代の四川省雅安県高頤墓闕では,升の上に肘木を確認することができる.
Cannot read: 四川省雅安県高頤墓闕 in:
そして,漢代の四川省雅安県高頤墓闕では,升の上に肘木を確認することができる.

preprocessed/VITS_pretrain/jsut_ver1.1-wav/wav/BASIC5000_4026.wav|jsut_ver1.1-wav|JP|組織学的には,細胞分化度が高く杯細胞様の粘液産生細胞と扁平上皮細胞が,いずれも明瞭かつ多数認められ,共に嚢胞腔や腺腔の形成が目立つ.
Cannot read: 腔 in:
組織学的には,細胞分化度が高く杯細胞様の粘液産生細胞と扁平上皮細胞が,いずれも明瞭かつ多数認められ,共に嚢胞腔や腺腔の形成が目立つ.

preprocessed/VITS_pretrain/jsut_ver1.1-wav/wav/BASIC5000_4051.wav|jsut_ver1.1-wav|JP|既に学問は一通り終えてしまったらしく,療の代わりに症例を解説して,人を諭すことと発明が得意.
Cannot read: 療 in:
既に学問は一通り終えてしまったらしく,療の代わりに症例を解説して,人を諭すことと発明が得意.

preprocessed/VITS_pretrain/jsut_ver1.1-wav/wav/BASIC5000_4064.wav|jsut_ver1.1-wav|JP|南薩台地型シラス台地は,阿多カルデラの溶結凝灰岩を基盤とする,南薩台地や,大根占台地などが相当する.
Cannot read: 溶結 in:
南薩台地型シラス台地は,阿多カルデラの溶結凝灰岩を基盤とする,南薩台地や,大根占台地などが相当する.

preprocessed/VITS_pretrain/jsut_ver1.1-wav/wav/BASIC5000_4091.wav|jsut_ver1.1-wav|JP|また,夢に機織り道具が回りながら出てきて珂是古を押さえ,そこで祟る神様が女神様で有ることがわかり,神社を建てて祀ったとあります.
Cannot read: 珂是 in:
また,夢に機織り道具が回りながら出てきて珂是古を押さえ,そこで祟る神様が女神様で有ることがわかり,神社を建てて祀ったとあります.

preprocessed/VITS_pretrain/jsut_ver1.1-wav/wav/BASIC5000_4244.wav|jsut_ver1.1-wav|JP|上衣下の乾酪化病巣から,結核菌と結核菌抗原が,くも膜下腔へと放出されると,髄膜炎が生じる.
Cannot read: 腔 in:
上衣下の乾酪化病巣から,結核菌と結核菌抗原が,くも膜下腔へと放出されると,髄膜炎が生じる.

preprocessed/VITS_pretrain/jsut_ver1.1-wav/wav/BASIC5000_4353.wav|jsut_ver1.1-wav|JP|白哉から養子に望まれたにも関わらず,冷遇される事に戸惑いと寂しさを覚えていた.
Cannot read: 哉 in:
白哉から養子に望まれたにも関わらず,冷遇される事に戸惑いと寂しさを覚えていた.

preprocessed/VITS_pretrain/jsut_ver1.1-wav/wav/BASIC5000_4454.wav|jsut_ver1.1-wav|JP|身分の高いほうから並べると女官,女孺,雑仕の順となる.
Cannot read: 孺 in:
身分の高いほうから並べると女官,女孺,雑仕の順となる.

preprocessed/VITS_pretrain/jsut_ver1.1-wav/wav/BASIC5000_4474.wav|jsut_ver1.1-wav|JP|真如薫習とは,衆生が真如の法具を備しているので,無明に冥熏することができる.
Cannot read: 熏 in:
真如薫習とは,衆生が真如の法具を備しているので,無明に冥熏することができる.

preprocessed/VITS_pretrain/jsut_ver1.1-wav/wav/LOANWORD128_070.wav|jsut_ver1.1-wav|JP|グォ・ヨウは,中国北京出身の男性俳優.
Unexpected phone: w

preprocessed/VITS_pretrain/jsut_ver1.1-wav/wav/LOANWORD128_109.wav|jsut_ver1.1-wav|JP|フュージョン電子音楽などを融合させた音楽のジャンルである.
Unexpected phone: y

preprocessed/VITS_pretrain/jsut_ver1.1-wav/wav/REPEAT500_set1_084.wav|jsut_ver1.1-wav|JP|少年時代は,ロシア帝国,チェルニーヒウ県,プルィルークィ郡,トロスチャヌィーツャ村で過ごした.
Unexpected phone: w

preprocessed/VITS_pretrain/jsut_ver1.1-wav/wav/REPEAT500_set2_084.wav|jsut_ver1.1-wav|JP|少年時代は,ロシア帝国,チェルニーヒウ県,プルィルークィ郡,トロスチャヌィーツャ村で過ごした.
Unexpected phone: w

preprocessed/VITS_pretrain/jsut_ver1.1-wav/wav/REPEAT500_set3_084.wav|jsut_ver1.1-wav|JP|少年時代は,ロシア帝国,チェルニーヒウ県,プルィルークィ郡,トロスチャヌィーツャ村で過ごした.
Unexpected phone: w

preprocessed/VITS_pretrain/jsut_ver1.1-wav/wav/REPEAT500_set4_084.wav|jsut_ver1.1-wav|JP|少年時代は,ロシア帝国,チェルニーヒウ県,プルィルークィ郡,トロスチャヌィーツャ村で過ごした.
Unexpected phone: w

preprocessed/VITS_pretrain/jsut_ver1.1-wav/wav/REPEAT500_set5_084.wav|jsut_ver1.1-wav|JP|少年時代は,ロシア帝国,チェルニーヒウ県,プルィルークィ郡,トロスチャヌィーツャ村で過ごした.
Unexpected phone: w

preprocessed/VITS_pretrain/jsut_ver1.1-wav/wav/VOICEACTRESS100_084.wav|jsut_ver1.1-wav|JP|少年時代は,ロシア帝国,チェルニーヒウ県,プルィルークィ郡,トロスチャヌィーツャ村で過ごした.
Unexpected phone: w

