preprocessed/jsut_ver1.1/jsut_ver1.1/wav/BASIC5000_2036.wav|jsut_ver1.1|JP|花乃,嘘泣きはたまーにやるから,効果あるんだぞ.
Cannot read: 乃 in:
花乃,嘘泣きはたまーにやるから,効果あるんだぞ.

preprocessed/jsut_ver1.1/jsut_ver1.1/wav/BASIC5000_3026.wav|jsut_ver1.1|JP|隔壁音波発生装置を,一定の周期で出しており,この隔壁音波を出している間は,鬼達の音撃を,無力化する.
Cannot read: 撃 in:
隔壁音波発生装置を,一定の周期で出しており,この隔壁音波を出している間は,鬼達の音撃を,無力化する.

preprocessed/jsut_ver1.1/jsut_ver1.1/wav/BASIC5000_3078.wav|jsut_ver1.1|JP|ダム堤体中央部に,洪水吐を設置し,天端より,湖水の放流を行うものである.
Cannot read: 吐 in:
ダム堤体中央部に,洪水吐を設置し,天端より,湖水の放流を行うものである.

preprocessed/jsut_ver1.1/jsut_ver1.1/wav/BASIC5000_3127.wav|jsut_ver1.1|JP|逓伝哨には,乗馬伝令による逓騎哨,自転車による逓自転車哨などの種類がある.
Cannot read: 哨 in:
逓伝哨には,乗馬伝令による逓騎哨,自転車による逓自転車哨などの種類がある.

preprocessed/jsut_ver1.1/jsut_ver1.1/wav/BASIC5000_3182.wav|jsut_ver1.1|JP|剣を真っ赤に発熱させ,敵を熔かして叩き斬る必殺技,陽光丸回転斬と陽光丸一閃斬を放つ.
Cannot read: 閃斬 in:
剣を真っ赤に発熱させ,敵を熔かして叩き斬る必殺技,陽光丸回転斬と陽光丸一閃斬を放つ.

preprocessed/jsut_ver1.1/jsut_ver1.1/wav/BASIC5000_3460.wav|jsut_ver1.1|JP|銘酒仙醸の醸造元として,社長職にあった.
Cannot read: 醸 in:
銘酒仙醸の醸造元として,社長職にあった.

preprocessed/jsut_ver1.1/jsut_ver1.1/wav/BASIC5000_3498.wav|jsut_ver1.1|JP|菱マンガン鉱やバスタム石,バラ輝石,イネス石など他のマンガン鉱物を伴っていたり,閃亜鉛鉱,方鉛鉱,黄鉄鉱などの金属鉱物を伴っていることが多い.
Cannot read: 閃 in:
菱マンガン鉱やバスタム石,バラ輝石,イネス石など他のマンガン鉱物を伴っていたり,閃亜鉛鉱,方鉛鉱,黄鉄鉱などの金属鉱物を伴っていることが多い.

preprocessed/jsut_ver1.1/jsut_ver1.1/wav/BASIC5000_3531.wav|jsut_ver1.1|JP|また,馬勃の名前で漢方薬としても利用されている.
Cannot read: 勃 in:
また,馬勃の名前で漢方薬としても利用されている.

preprocessed/jsut_ver1.1/jsut_ver1.1/wav/BASIC5000_3541.wav|jsut_ver1.1|JP|この縁で費伯仁が,当時の混乱の時代において,比較的安定していた益州に呼ばれたため,費禕も,義父の計らいで益州へ遊学した.
Cannot read: 禕 in:
この縁で費伯仁が,当時の混乱の時代において,比較的安定していた益州に呼ばれたため,費禕も,義父の計らいで益州へ遊学した.

preprocessed/jsut_ver1.1/jsut_ver1.1/wav/BASIC5000_3593.wav|jsut_ver1.1|JP|趙軍襲来時には,飛信隊で第三伍長となるが,野営中に突如として来襲した龐煖によって,殺害された.
Cannot read: 煖 in:
趙軍襲来時には,飛信隊で第三伍長となるが,野営中に突如として来襲した龐煖によって,殺害された.

preprocessed/jsut_ver1.1/jsut_ver1.1/wav/BASIC5000_3632.wav|jsut_ver1.1|JP|応仁の乱後,堺商人が抽分銭の債務業務を行い,出航前に予め輸入品の利益額を想定して抽分銭を先に経営者側に納付する制度を取った.
Cannot read: 抽分 in:
応仁の乱後,堺商人が抽分銭の債務業務を行い,出航前に予め輸入品の利益額を想定して抽分銭を先に経営者側に納付する制度を取った.

preprocessed/jsut_ver1.1/jsut_ver1.1/wav/BASIC5000_3816.wav|jsut_ver1.1|JP|脱窒菌による窒素除去は,異化代謝によるものだが,同化代謝により生体へ資化させて,窒素除去を行おうとする方法もある.
Cannot read: 窒菌 in:
脱窒菌による窒素除去は,異化代謝によるものだが,同化代謝により生体へ資化させて,窒素除去を行おうとする方法もある.

preprocessed/jsut_ver1.1/jsut_ver1.1/wav/BASIC5000_3908.wav|jsut_ver1.1|JP|その力による恐怖と妖しい魅力で,聚慎を滅亡させた張本人でありながら,聚慎の遺臣を部下に抱えている.
Cannot read: 聚慎 in:
その力による恐怖と妖しい魅力で,聚慎を滅亡させた張本人でありながら,聚慎の遺臣を部下に抱えている.

preprocessed/jsut_ver1.1/jsut_ver1.1/wav/BASIC5000_3931.wav|jsut_ver1.1|JP|雄小穂の形や,果胞の特徴などを見れば区別できる.
Cannot read: 胞 in:
雄小穂の形や,果胞の特徴などを見れば区別できる.

preprocessed/jsut_ver1.1/jsut_ver1.1/wav/BASIC5000_3967.wav|jsut_ver1.1|JP|そして,漢代の四川省雅安県高頤墓闕では,升の上に肘木を確認することができる.
Cannot read: 四川省雅安県高頤墓闕 in:
そして,漢代の四川省雅安県高頤墓闕では,升の上に肘木を確認することができる.

preprocessed/jsut_ver1.1/jsut_ver1.1/wav/BASIC5000_4026.wav|jsut_ver1.1|JP|組織学的には,細胞分化度が高く杯細胞様の粘液産生細胞と扁平上皮細胞が,いずれも明瞭かつ多数認められ,共に嚢胞腔や腺腔の形成が目立つ.
Cannot read: 腔 in:
組織学的には,細胞分化度が高く杯細胞様の粘液産生細胞と扁平上皮細胞が,いずれも明瞭かつ多数認められ,共に嚢胞腔や腺腔の形成が目立つ.

preprocessed/jsut_ver1.1/jsut_ver1.1/wav/BASIC5000_4051.wav|jsut_ver1.1|JP|既に学問は一通り終えてしまったらしく,療の代わりに症例を解説して,人を諭すことと発明が得意.
Cannot read: 療 in:
既に学問は一通り終えてしまったらしく,療の代わりに症例を解説して,人を諭すことと発明が得意.

preprocessed/jsut_ver1.1/jsut_ver1.1/wav/BASIC5000_4064.wav|jsut_ver1.1|JP|南薩台地型シラス台地は,阿多カルデラの溶結凝灰岩を基盤とする,南薩台地や,大根占台地などが相当する.
Cannot read: 溶結 in:
南薩台地型シラス台地は,阿多カルデラの溶結凝灰岩を基盤とする,南薩台地や,大根占台地などが相当する.

preprocessed/jsut_ver1.1/jsut_ver1.1/wav/BASIC5000_4091.wav|jsut_ver1.1|JP|また,夢に機織り道具が回りながら出てきて珂是古を押さえ,そこで祟る神様が女神様で有ることがわかり,神社を建てて祀ったとあります.
Cannot read: 珂是 in:
また,夢に機織り道具が回りながら出てきて珂是古を押さえ,そこで祟る神様が女神様で有ることがわかり,神社を建てて祀ったとあります.

preprocessed/jsut_ver1.1/jsut_ver1.1/wav/BASIC5000_4244.wav|jsut_ver1.1|JP|上衣下の乾酪化病巣から,結核菌と結核菌抗原が,くも膜下腔へと放出されると,髄膜炎が生じる.
Cannot read: 腔 in:
上衣下の乾酪化病巣から,結核菌と結核菌抗原が,くも膜下腔へと放出されると,髄膜炎が生じる.

preprocessed/jsut_ver1.1/jsut_ver1.1/wav/BASIC5000_4353.wav|jsut_ver1.1|JP|白哉から養子に望まれたにも関わらず,冷遇される事に戸惑いと寂しさを覚えていた.
Cannot read: 哉 in:
白哉から養子に望まれたにも関わらず,冷遇される事に戸惑いと寂しさを覚えていた.

preprocessed/jsut_ver1.1/jsut_ver1.1/wav/BASIC5000_4454.wav|jsut_ver1.1|JP|身分の高いほうから並べると女官,女孺,雑仕の順となる.
Cannot read: 孺 in:
身分の高いほうから並べると女官,女孺,雑仕の順となる.

preprocessed/jsut_ver1.1/jsut_ver1.1/wav/BASIC5000_4474.wav|jsut_ver1.1|JP|真如薫習とは,衆生が真如の法具を備しているので,無明に冥熏することができる.
Cannot read: 熏 in:
真如薫習とは,衆生が真如の法具を備しているので,無明に冥熏することができる.

preprocessed/jsut_ver1.1/jsut_ver1.1/wav/LOANWORD128_109.wav|jsut_ver1.1|JP|フュージョン電子音楽などを融合させた音楽のジャンルである.
Unexpected phone: fy

